The target system is: Generic -  - 
The host system is: Linux - 4.15.0-23-generic - x86_64
Compiling the CXX compiler identification source file "CMakeCXXCompilerId.cpp" succeeded.
Compiler: /usr/bin/arm-none-eabi-g++ 
Build flags: 
Id flags: -c 

The output was:
0


Compilation of the CXX compiler identification source "CMakeCXXCompilerId.cpp" produced "CMakeCXXCompilerId.o"

The CXX compiler identification is GNU, found in "/home/sebastiaan/projects/bmptkpp/Build-environment/modules/INPUTLIB/CMakeFiles/3.10.2/CompilerIdCXX/CMakeCXXCompilerId.o"

Detecting CXX compiler ABI info compiled with the following output:
Change Dir: /home/sebastiaan/projects/bmptkpp/Build-environment/modules/INPUTLIB/CMakeFiles/CMakeTmp

Run Build Command:"/usr/bin/make" "cmTC_741de/fast"
/usr/bin/make -f CMakeFiles/cmTC_741de.dir/build.make CMakeFiles/cmTC_741de.dir/build
make[1]: Entering directory '/home/sebastiaan/projects/bmptkpp/Build-environment/modules/INPUTLIB/CMakeFiles/CMakeTmp'
Building CXX object CMakeFiles/cmTC_741de.dir/CMakeCXXCompilerABI.cpp.obj
/usr/bin/arm-none-eabi-g++     -o CMakeFiles/cmTC_741de.dir/CMakeCXXCompilerABI.cpp.obj -c /usr/share/cmake-3.10/Modules/CMakeCXXCompilerABI.cpp
Linking CXX static library libcmTC_741de.a
/usr/bin/cmake -P CMakeFiles/cmTC_741de.dir/cmake_clean_target.cmake
/usr/bin/cmake -E cmake_link_script CMakeFiles/cmTC_741de.dir/link.txt --verbose=1
/usr/bin/arm-none-eabi-ar qc libcmTC_741de.a  CMakeFiles/cmTC_741de.dir/CMakeCXXCompilerABI.cpp.obj
/usr/bin/arm-none-eabi-ranlib libcmTC_741de.a
make[1]: Leaving directory '/home/sebastiaan/projects/bmptkpp/Build-environment/modules/INPUTLIB/CMakeFiles/CMakeTmp'


Parsed CXX implicit link information from above output:
  link line regex: [^( *|.*[/\])(arm-none-eabi-ld|CMAKE_LINK_STARTFILE-NOTFOUND|([^/\]+-)?ld|collect2)[^/\]*( |$)]
  ignore line: [Change Dir: /home/sebastiaan/projects/bmptkpp/Build-environment/modules/INPUTLIB/CMakeFiles/CMakeTmp]
  ignore line: []
  ignore line: [Run Build Command:"/usr/bin/make" "cmTC_741de/fast"]
  ignore line: [/usr/bin/make -f CMakeFiles/cmTC_741de.dir/build.make CMakeFiles/cmTC_741de.dir/build]
  ignore line: [make[1]: Entering directory '/home/sebastiaan/projects/bmptkpp/Build-environment/modules/INPUTLIB/CMakeFiles/CMakeTmp']
  ignore line: [Building CXX object CMakeFiles/cmTC_741de.dir/CMakeCXXCompilerABI.cpp.obj]
  ignore line: [/usr/bin/arm-none-eabi-g++     -o CMakeFiles/cmTC_741de.dir/CMakeCXXCompilerABI.cpp.obj -c /usr/share/cmake-3.10/Modules/CMakeCXXCompilerABI.cpp]
  ignore line: [Linking CXX static library libcmTC_741de.a]
  ignore line: [/usr/bin/cmake -P CMakeFiles/cmTC_741de.dir/cmake_clean_target.cmake]
  ignore line: [/usr/bin/cmake -E cmake_link_script CMakeFiles/cmTC_741de.dir/link.txt --verbose=1]
  ignore line: [/usr/bin/arm-none-eabi-ar qc libcmTC_741de.a  CMakeFiles/cmTC_741de.dir/CMakeCXXCompilerABI.cpp.obj]
  ignore line: [/usr/bin/arm-none-eabi-ranlib libcmTC_741de.a]
  ignore line: [make[1]: Leaving directory '/home/sebastiaan/projects/bmptkpp/Build-environment/modules/INPUTLIB/CMakeFiles/CMakeTmp']
  ignore line: []
  implicit libs: []
  implicit dirs: []
  implicit fwks: []




Detecting CXX [-std=c++1z] compiler features compiled with the following output:
Change Dir: /home/sebastiaan/projects/bmptkpp/Build-environment/modules/INPUTLIB/CMakeFiles/CMakeTmp

Run Build Command:"/usr/bin/make" "cmTC_ed7d8/fast"
/usr/bin/make -f CMakeFiles/cmTC_ed7d8.dir/build.make CMakeFiles/cmTC_ed7d8.dir/build
make[1]: Entering directory '/home/sebastiaan/projects/bmptkpp/Build-environment/modules/INPUTLIB/CMakeFiles/CMakeTmp'
Building CXX object CMakeFiles/cmTC_ed7d8.dir/feature_tests.cxx.obj
/usr/bin/arm-none-eabi-g++    -std=c++1z -o CMakeFiles/cmTC_ed7d8.dir/feature_tests.cxx.obj -c /home/sebastiaan/projects/bmptkpp/Build-environment/modules/INPUTLIB/CMakeFiles/feature_tests.cxx
Linking CXX static library libcmTC_ed7d8.a
/usr/bin/cmake -P CMakeFiles/cmTC_ed7d8.dir/cmake_clean_target.cmake
/usr/bin/cmake -E cmake_link_script CMakeFiles/cmTC_ed7d8.dir/link.txt --verbose=1
/usr/bin/arm-none-eabi-ar qc libcmTC_ed7d8.a  CMakeFiles/cmTC_ed7d8.dir/feature_tests.cxx.obj
/usr/bin/arm-none-eabi-ranlib libcmTC_ed7d8.a
make[1]: Leaving directory '/home/sebastiaan/projects/bmptkpp/Build-environment/modules/INPUTLIB/CMakeFiles/CMakeTmp'


    Feature record: CXX_FEATURE:1cxx_aggregate_default_initializers
    Feature record: CXX_FEATURE:1cxx_alias_templates
    Feature record: CXX_FEATURE:1cxx_alignas
    Feature record: CXX_FEATURE:1cxx_alignof
    Feature record: CXX_FEATURE:1cxx_attributes
    Feature record: CXX_FEATURE:1cxx_attribute_deprecated
    Feature record: CXX_FEATURE:1cxx_auto_type
    Feature record: CXX_FEATURE:1cxx_binary_literals
    Feature record: CXX_FEATURE:1cxx_constexpr
    Feature record: CXX_FEATURE:1cxx_contextual_conversions
    Feature record: CXX_FEATURE:1cxx_decltype
    Feature record: CXX_FEATURE:1cxx_decltype_auto
    Feature record: CXX_FEATURE:1cxx_decltype_incomplete_return_types
    Feature record: CXX_FEATURE:1cxx_default_function_template_args
    Feature record: CXX_FEATURE:1cxx_defaulted_functions
    Feature record: CXX_FEATURE:1cxx_defaulted_move_initializers
    Feature record: CXX_FEATURE:1cxx_delegating_constructors
    Feature record: CXX_FEATURE:1cxx_deleted_functions
    Feature record: CXX_FEATURE:1cxx_digit_separators
    Feature record: CXX_FEATURE:1cxx_enum_forward_declarations
    Feature record: CXX_FEATURE:1cxx_explicit_conversions
    Feature record: CXX_FEATURE:1cxx_extended_friend_declarations
    Feature record: CXX_FEATURE:1cxx_extern_templates
    Feature record: CXX_FEATURE:1cxx_final
    Feature record: CXX_FEATURE:1cxx_func_identifier
    Feature record: CXX_FEATURE:1cxx_generalized_initializers
    Feature record: CXX_FEATURE:1cxx_generic_lambdas
    Feature record: CXX_FEATURE:1cxx_inheriting_constructors
    Feature record: CXX_FEATURE:1cxx_inline_namespaces
    Feature record: CXX_FEATURE:1cxx_lambdas
    Feature record: CXX_FEATURE:1cxx_lambda_init_captures
    Feature record: CXX_FEATURE:1cxx_local_type_template_args
    Feature record: CXX_FEATURE:1cxx_long_long_type
    Feature record: CXX_FEATURE:1cxx_noexcept
    Feature record: CXX_FEATURE:1cxx_nonstatic_member_init
    Feature record: CXX_FEATURE:1cxx_nullptr
    Feature record: CXX_FEATURE:1cxx_override
    Feature record: CXX_FEATURE:1cxx_range_for
    Feature record: CXX_FEATURE:1cxx_raw_string_literals
    Feature record: CXX_FEATURE:1cxx_reference_qualified_functions
    Feature record: CXX_FEATURE:1cxx_relaxed_constexpr
    Feature record: CXX_FEATURE:1cxx_return_type_deduction
    Feature record: CXX_FEATURE:1cxx_right_angle_brackets
    Feature record: CXX_FEATURE:1cxx_rvalue_references
    Feature record: CXX_FEATURE:1cxx_sizeof_member
    Feature record: CXX_FEATURE:1cxx_static_assert
    Feature record: CXX_FEATURE:1cxx_strong_enums
    Feature record: CXX_FEATURE:1cxx_template_template_parameters
    Feature record: CXX_FEATURE:1cxx_thread_local
    Feature record: CXX_FEATURE:1cxx_trailing_return_types
    Feature record: CXX_FEATURE:1cxx_unicode_literals
    Feature record: CXX_FEATURE:1cxx_uniform_initialization
    Feature record: CXX_FEATURE:1cxx_unrestricted_unions
    Feature record: CXX_FEATURE:1cxx_user_literals
    Feature record: CXX_FEATURE:1cxx_variable_templates
    Feature record: CXX_FEATURE:1cxx_variadic_macros
    Feature record: CXX_FEATURE:1cxx_variadic_templates


Detecting CXX [-std=c++14] compiler features compiled with the following output:
Change Dir: /home/sebastiaan/projects/bmptkpp/Build-environment/modules/INPUTLIB/CMakeFiles/CMakeTmp

Run Build Command:"/usr/bin/make" "cmTC_96870/fast"
/usr/bin/make -f CMakeFiles/cmTC_96870.dir/build.make CMakeFiles/cmTC_96870.dir/build
make[1]: Entering directory '/home/sebastiaan/projects/bmptkpp/Build-environment/modules/INPUTLIB/CMakeFiles/CMakeTmp'
Building CXX object CMakeFiles/cmTC_96870.dir/feature_tests.cxx.obj
/usr/bin/arm-none-eabi-g++    -std=c++14 -o CMakeFiles/cmTC_96870.dir/feature_tests.cxx.obj -c /home/sebastiaan/projects/bmptkpp/Build-environment/modules/INPUTLIB/CMakeFiles/feature_tests.cxx
Linking CXX static library libcmTC_96870.a
/usr/bin/cmake -P CMakeFiles/cmTC_96870.dir/cmake_clean_target.cmake
/usr/bin/cmake -E cmake_link_script CMakeFiles/cmTC_96870.dir/link.txt --verbose=1
/usr/bin/arm-none-eabi-ar qc libcmTC_96870.a  CMakeFiles/cmTC_96870.dir/feature_tests.cxx.obj
/usr/bin/arm-none-eabi-ranlib libcmTC_96870.a
make[1]: Leaving directory '/home/sebastiaan/projects/bmptkpp/Build-environment/modules/INPUTLIB/CMakeFiles/CMakeTmp'


    Feature record: CXX_FEATURE:1cxx_aggregate_default_initializers
    Feature record: CXX_FEATURE:1cxx_alias_templates
    Feature record: CXX_FEATURE:1cxx_alignas
    Feature record: CXX_FEATURE:1cxx_alignof
    Feature record: CXX_FEATURE:1cxx_attributes
    Feature record: CXX_FEATURE:1cxx_attribute_deprecated
    Feature record: CXX_FEATURE:1cxx_auto_type
    Feature record: CXX_FEATURE:1cxx_binary_literals
    Feature record: CXX_FEATURE:1cxx_constexpr
    Feature record: CXX_FEATURE:1cxx_contextual_conversions
    Feature record: CXX_FEATURE:1cxx_decltype
    Feature record: CXX_FEATURE:1cxx_decltype_auto
    Feature record: CXX_FEATURE:1cxx_decltype_incomplete_return_types
    Feature record: CXX_FEATURE:1cxx_default_function_template_args
    Feature record: CXX_FEATURE:1cxx_defaulted_functions
    Feature record: CXX_FEATURE:1cxx_defaulted_move_initializers
    Feature record: CXX_FEATURE:1cxx_delegating_constructors
    Feature record: CXX_FEATURE:1cxx_deleted_functions
    Feature record: CXX_FEATURE:1cxx_digit_separators
    Feature record: CXX_FEATURE:1cxx_enum_forward_declarations
    Feature record: CXX_FEATURE:1cxx_explicit_conversions
    Feature record: CXX_FEATURE:1cxx_extended_friend_declarations
    Feature record: CXX_FEATURE:1cxx_extern_templates
    Feature record: CXX_FEATURE:1cxx_final
    Feature record: CXX_FEATURE:1cxx_func_identifier
    Feature record: CXX_FEATURE:1cxx_generalized_initializers
    Feature record: CXX_FEATURE:1cxx_generic_lambdas
    Feature record: CXX_FEATURE:1cxx_inheriting_constructors
    Feature record: CXX_FEATURE:1cxx_inline_namespaces
    Feature record: CXX_FEATURE:1cxx_lambdas
    Feature record: CXX_FEATURE:1cxx_lambda_init_captures
    Feature record: CXX_FEATURE:1cxx_local_type_template_args
    Feature record: CXX_FEATURE:1cxx_long_long_type
    Feature record: CXX_FEATURE:1cxx_noexcept
    Feature record: CXX_FEATURE:1cxx_nonstatic_member_init
    Feature record: CXX_FEATURE:1cxx_nullptr
    Feature record: CXX_FEATURE:1cxx_override
    Feature record: CXX_FEATURE:1cxx_range_for
    Feature record: CXX_FEATURE:1cxx_raw_string_literals
    Feature record: CXX_FEATURE:1cxx_reference_qualified_functions
    Feature record: CXX_FEATURE:1cxx_relaxed_constexpr
    Feature record: CXX_FEATURE:1cxx_return_type_deduction
    Feature record: CXX_FEATURE:1cxx_right_angle_brackets
    Feature record: CXX_FEATURE:1cxx_rvalue_references
    Feature record: CXX_FEATURE:1cxx_sizeof_member
    Feature record: CXX_FEATURE:1cxx_static_assert
    Feature record: CXX_FEATURE:1cxx_strong_enums
    Feature record: CXX_FEATURE:1cxx_template_template_parameters
    Feature record: CXX_FEATURE:1cxx_thread_local
    Feature record: CXX_FEATURE:1cxx_trailing_return_types
    Feature record: CXX_FEATURE:1cxx_unicode_literals
    Feature record: CXX_FEATURE:1cxx_uniform_initialization
    Feature record: CXX_FEATURE:1cxx_unrestricted_unions
    Feature record: CXX_FEATURE:1cxx_user_literals
    Feature record: CXX_FEATURE:1cxx_variable_templates
    Feature record: CXX_FEATURE:1cxx_variadic_macros
    Feature record: CXX_FEATURE:1cxx_variadic_templates


Detecting CXX [-std=c++11] compiler features compiled with the following output:
Change Dir: /home/sebastiaan/projects/bmptkpp/Build-environment/modules/INPUTLIB/CMakeFiles/CMakeTmp

Run Build Command:"/usr/bin/make" "cmTC_6daec/fast"
/usr/bin/make -f CMakeFiles/cmTC_6daec.dir/build.make CMakeFiles/cmTC_6daec.dir/build
make[1]: Entering directory '/home/sebastiaan/projects/bmptkpp/Build-environment/modules/INPUTLIB/CMakeFiles/CMakeTmp'
Building CXX object CMakeFiles/cmTC_6daec.dir/feature_tests.cxx.obj
/usr/bin/arm-none-eabi-g++    -std=c++11 -o CMakeFiles/cmTC_6daec.dir/feature_tests.cxx.obj -c /home/sebastiaan/projects/bmptkpp/Build-environment/modules/INPUTLIB/CMakeFiles/feature_tests.cxx
Linking CXX static library libcmTC_6daec.a
/usr/bin/cmake -P CMakeFiles/cmTC_6daec.dir/cmake_clean_target.cmake
/usr/bin/cmake -E cmake_link_script CMakeFiles/cmTC_6daec.dir/link.txt --verbose=1
/usr/bin/arm-none-eabi-ar qc libcmTC_6daec.a  CMakeFiles/cmTC_6daec.dir/feature_tests.cxx.obj
/usr/bin/arm-none-eabi-ranlib libcmTC_6daec.a
make[1]: Leaving directory '/home/sebastiaan/projects/bmptkpp/Build-environment/modules/INPUTLIB/CMakeFiles/CMakeTmp'


    Feature record: CXX_FEATURE:0cxx_aggregate_default_initializers
    Feature record: CXX_FEATURE:1cxx_alias_templates
    Feature record: CXX_FEATURE:1cxx_alignas
    Feature record: CXX_FEATURE:1cxx_alignof
    Feature record: CXX_FEATURE:1cxx_attributes
    Feature record: CXX_FEATURE:0cxx_attribute_deprecated
    Feature record: CXX_FEATURE:1cxx_auto_type
    Feature record: CXX_FEATURE:0cxx_binary_literals
    Feature record: CXX_FEATURE:1cxx_constexpr
    Feature record: CXX_FEATURE:0cxx_contextual_conversions
    Feature record: CXX_FEATURE:1cxx_decltype
    Feature record: CXX_FEATURE:0cxx_decltype_auto
    Feature record: CXX_FEATURE:1cxx_decltype_incomplete_return_types
    Feature record: CXX_FEATURE:1cxx_default_function_template_args
    Feature record: CXX_FEATURE:1cxx_defaulted_functions
    Feature record: CXX_FEATURE:1cxx_defaulted_move_initializers
    Feature record: CXX_FEATURE:1cxx_delegating_constructors
    Feature record: CXX_FEATURE:1cxx_deleted_functions
    Feature record: CXX_FEATURE:0cxx_digit_separators
    Feature record: CXX_FEATURE:1cxx_enum_forward_declarations
    Feature record: CXX_FEATURE:1cxx_explicit_conversions
    Feature record: CXX_FEATURE:1cxx_extended_friend_declarations
    Feature record: CXX_FEATURE:1cxx_extern_templates
    Feature record: CXX_FEATURE:1cxx_final
    Feature record: CXX_FEATURE:1cxx_func_identifier
    Feature record: CXX_FEATURE:1cxx_generalized_initializers
    Feature record: CXX_FEATURE:0cxx_generic_lambdas
    Feature record: CXX_FEATURE:1cxx_inheriting_constructors
    Feature record: CXX_FEATURE:1cxx_inline_namespaces
    Feature record: CXX_FEATURE:1cxx_lambdas
    Feature record: CXX_FEATURE:0cxx_lambda_init_captures
    Feature record: CXX_FEATURE:1cxx_local_type_template_args
    Feature record: CXX_FEATURE:1cxx_long_long_type
    Feature record: CXX_FEATURE:1cxx_noexcept
    Feature record: CXX_FEATURE:1cxx_nonstatic_member_init
    Feature record: CXX_FEATURE:1cxx_nullptr
    Feature record: CXX_FEATURE:1cxx_override
    Feature record: CXX_FEATURE:1cxx_range_for
    Feature record: CXX_FEATURE:1cxx_raw_string_literals
    Feature record: CXX_FEATURE:1cxx_reference_qualified_functions
    Feature record: CXX_FEATURE:0cxx_relaxed_constexpr
    Feature record: CXX_FEATURE:0cxx_return_type_deduction
    Feature record: CXX_FEATURE:1cxx_right_angle_brackets
    Feature record: CXX_FEATURE:1cxx_rvalue_references
    Feature record: CXX_FEATURE:1cxx_sizeof_member
    Feature record: CXX_FEATURE:1cxx_static_assert
    Feature record: CXX_FEATURE:1cxx_strong_enums
    Feature record: CXX_FEATURE:1cxx_template_template_parameters
    Feature record: CXX_FEATURE:1cxx_thread_local
    Feature record: CXX_FEATURE:1cxx_trailing_return_types
    Feature record: CXX_FEATURE:1cxx_unicode_literals
    Feature record: CXX_FEATURE:1cxx_uniform_initialization
    Feature record: CXX_FEATURE:1cxx_unrestricted_unions
    Feature record: CXX_FEATURE:1cxx_user_literals
    Feature record: CXX_FEATURE:0cxx_variable_templates
    Feature record: CXX_FEATURE:1cxx_variadic_macros
    Feature record: CXX_FEATURE:1cxx_variadic_templates


Detecting CXX [-std=c++98] compiler features compiled with the following output:
Change Dir: /home/sebastiaan/projects/bmptkpp/Build-environment/modules/INPUTLIB/CMakeFiles/CMakeTmp

Run Build Command:"/usr/bin/make" "cmTC_3c933/fast"
/usr/bin/make -f CMakeFiles/cmTC_3c933.dir/build.make CMakeFiles/cmTC_3c933.dir/build
make[1]: Entering directory '/home/sebastiaan/projects/bmptkpp/Build-environment/modules/INPUTLIB/CMakeFiles/CMakeTmp'
Building CXX object CMakeFiles/cmTC_3c933.dir/feature_tests.cxx.obj
/usr/bin/arm-none-eabi-g++    -std=c++98 -o CMakeFiles/cmTC_3c933.dir/feature_tests.cxx.obj -c /home/sebastiaan/projects/bmptkpp/Build-environment/modules/INPUTLIB/CMakeFiles/feature_tests.cxx
Linking CXX static library libcmTC_3c933.a
/usr/bin/cmake -P CMakeFiles/cmTC_3c933.dir/cmake_clean_target.cmake
/usr/bin/cmake -E cmake_link_script CMakeFiles/cmTC_3c933.dir/link.txt --verbose=1
/usr/bin/arm-none-eabi-ar qc libcmTC_3c933.a  CMakeFiles/cmTC_3c933.dir/feature_tests.cxx.obj
/usr/bin/arm-none-eabi-ranlib libcmTC_3c933.a
make[1]: Leaving directory '/home/sebastiaan/projects/bmptkpp/Build-environment/modules/INPUTLIB/CMakeFiles/CMakeTmp'


    Feature record: CXX_FEATURE:0cxx_aggregate_default_initializers
    Feature record: CXX_FEATURE:0cxx_alias_templates
    Feature record: CXX_FEATURE:0cxx_alignas
    Feature record: CXX_FEATURE:0cxx_alignof
    Feature record: CXX_FEATURE:0cxx_attributes
    Feature record: CXX_FEATURE:0cxx_attribute_deprecated
    Feature record: CXX_FEATURE:0cxx_auto_type
    Feature record: CXX_FEATURE:0cxx_binary_literals
    Feature record: CXX_FEATURE:0cxx_constexpr
    Feature record: CXX_FEATURE:0cxx_contextual_conversions
    Feature record: CXX_FEATURE:0cxx_decltype
    Feature record: CXX_FEATURE:0cxx_decltype_auto
    Feature record: CXX_FEATURE:0cxx_decltype_incomplete_return_types
    Feature record: CXX_FEATURE:0cxx_default_function_template_args
    Feature record: CXX_FEATURE:0cxx_defaulted_functions
    Feature record: CXX_FEATURE:0cxx_defaulted_move_initializers
    Feature record: CXX_FEATURE:0cxx_delegating_constructors
    Feature record: CXX_FEATURE:0cxx_deleted_functions
    Feature record: CXX_FEATURE:0cxx_digit_separators
    Feature record: CXX_FEATURE:0cxx_enum_forward_declarations
    Feature record: CXX_FEATURE:0cxx_explicit_conversions
    Feature record: CXX_FEATURE:0cxx_extended_friend_declarations
    Feature record: CXX_FEATURE:0cxx_extern_templates
    Feature record: CXX_FEATURE:0cxx_final
    Feature record: CXX_FEATURE:0cxx_func_identifier
    Feature record: CXX_FEATURE:0cxx_generalized_initializers
    Feature record: CXX_FEATURE:0cxx_generic_lambdas
    Feature record: CXX_FEATURE:0cxx_inheriting_constructors
    Feature record: CXX_FEATURE:0cxx_inline_namespaces
    Feature record: CXX_FEATURE:0cxx_lambdas
    Feature record: CXX_FEATURE:0cxx_lambda_init_captures
    Feature record: CXX_FEATURE:0cxx_local_type_template_args
    Feature record: CXX_FEATURE:0cxx_long_long_type
    Feature record: CXX_FEATURE:0cxx_noexcept
    Feature record: CXX_FEATURE:0cxx_nonstatic_member_init
    Feature record: CXX_FEATURE:0cxx_nullptr
    Feature record: CXX_FEATURE:0cxx_override
    Feature record: CXX_FEATURE:0cxx_range_for
    Feature record: CXX_FEATURE:0cxx_raw_string_literals
    Feature record: CXX_FEATURE:0cxx_reference_qualified_functions
    Feature record: CXX_FEATURE:0cxx_relaxed_constexpr
    Feature record: CXX_FEATURE:0cxx_return_type_deduction
    Feature record: CXX_FEATURE:0cxx_right_angle_brackets
    Feature record: CXX_FEATURE:0cxx_rvalue_references
    Feature record: CXX_FEATURE:0cxx_sizeof_member
    Feature record: CXX_FEATURE:0cxx_static_assert
    Feature record: CXX_FEATURE:0cxx_strong_enums
    Feature record: CXX_FEATURE:1cxx_template_template_parameters
    Feature record: CXX_FEATURE:0cxx_thread_local
    Feature record: CXX_FEATURE:0cxx_trailing_return_types
    Feature record: CXX_FEATURE:0cxx_unicode_literals
    Feature record: CXX_FEATURE:0cxx_uniform_initialization
    Feature record: CXX_FEATURE:0cxx_unrestricted_unions
    Feature record: CXX_FEATURE:0cxx_user_literals
    Feature record: CXX_FEATURE:0cxx_variable_templates
    Feature record: CXX_FEATURE:0cxx_variadic_macros
    Feature record: CXX_FEATURE:0cxx_variadic_templates
Checking whether the ASM compiler is GNU using "--version" matched "(GNU assembler)|(GCC)|(Free Software Foundation)":
arm-none-eabi-gcc (15:6.3.1+svn253039-1build1) 6.3.1 20170620
Copyright (C) 2016 Free Software Foundation, Inc.
This is free software; see the source for copying conditions.  There is NO
warranty; not even for MERCHANTABILITY or FITNESS FOR A PARTICULAR PURPOSE.

Compiling the C compiler identification source file "CMakeCCompilerId.c" succeeded.
Compiler: /usr/bin/arm-none-eabi-gcc 
Build flags: 
Id flags: -c 

The output was:
0


Compilation of the C compiler identification source "CMakeCCompilerId.c" produced "CMakeCCompilerId.o"

The C compiler identification is GNU, found in "/home/sebastiaan/projects/bmptkpp/Build-environment/modules/INPUTLIB/CMakeFiles/3.10.2/CompilerIdC/CMakeCCompilerId.o"

Detecting C compiler ABI info compiled with the following output:
Change Dir: /home/sebastiaan/projects/bmptkpp/Build-environment/modules/INPUTLIB/CMakeFiles/CMakeTmp

Run Build Command:"/usr/bin/make" "cmTC_cf15f/fast"
/usr/bin/make -f CMakeFiles/cmTC_cf15f.dir/build.make CMakeFiles/cmTC_cf15f.dir/build
make[1]: Entering directory '/home/sebastiaan/projects/bmptkpp/Build-environment/modules/INPUTLIB/CMakeFiles/CMakeTmp'
Building C object CMakeFiles/cmTC_cf15f.dir/CMakeCCompilerABI.c.obj
/usr/bin/arm-none-eabi-gcc    -o CMakeFiles/cmTC_cf15f.dir/CMakeCCompilerABI.c.obj   -c /usr/share/cmake-3.10/Modules/CMakeCCompilerABI.c
Linking C static library libcmTC_cf15f.a
/usr/bin/cmake -P CMakeFiles/cmTC_cf15f.dir/cmake_clean_target.cmake
/usr/bin/cmake -E cmake_link_script CMakeFiles/cmTC_cf15f.dir/link.txt --verbose=1
/usr/bin/arm-none-eabi-ar qc libcmTC_cf15f.a  CMakeFiles/cmTC_cf15f.dir/CMakeCCompilerABI.c.obj
/usr/bin/arm-none-eabi-ranlib libcmTC_cf15f.a
make[1]: Leaving directory '/home/sebastiaan/projects/bmptkpp/Build-environment/modules/INPUTLIB/CMakeFiles/CMakeTmp'


Parsed C implicit link information from above output:
  link line regex: [^( *|.*[/\])(arm-none-eabi-ld|CMAKE_LINK_STARTFILE-NOTFOUND|([^/\]+-)?ld|collect2)[^/\]*( |$)]
  ignore line: [Change Dir: /home/sebastiaan/projects/bmptkpp/Build-environment/modules/INPUTLIB/CMakeFiles/CMakeTmp]
  ignore line: []
  ignore line: [Run Build Command:"/usr/bin/make" "cmTC_cf15f/fast"]
  ignore line: [/usr/bin/make -f CMakeFiles/cmTC_cf15f.dir/build.make CMakeFiles/cmTC_cf15f.dir/build]
  ignore line: [make[1]: Entering directory '/home/sebastiaan/projects/bmptkpp/Build-environment/modules/INPUTLIB/CMakeFiles/CMakeTmp']
  ignore line: [Building C object CMakeFiles/cmTC_cf15f.dir/CMakeCCompilerABI.c.obj]
  ignore line: [/usr/bin/arm-none-eabi-gcc    -o CMakeFiles/cmTC_cf15f.dir/CMakeCCompilerABI.c.obj   -c /usr/share/cmake-3.10/Modules/CMakeCCompilerABI.c]
  ignore line: [Linking C static library libcmTC_cf15f.a]
  ignore line: [/usr/bin/cmake -P CMakeFiles/cmTC_cf15f.dir/cmake_clean_target.cmake]
  ignore line: [/usr/bin/cmake -E cmake_link_script CMakeFiles/cmTC_cf15f.dir/link.txt --verbose=1]
  ignore line: [/usr/bin/arm-none-eabi-ar qc libcmTC_cf15f.a  CMakeFiles/cmTC_cf15f.dir/CMakeCCompilerABI.c.obj]
  ignore line: [/usr/bin/arm-none-eabi-ranlib libcmTC_cf15f.a]
  ignore line: [make[1]: Leaving directory '/home/sebastiaan/projects/bmptkpp/Build-environment/modules/INPUTLIB/CMakeFiles/CMakeTmp']
  ignore line: []
  implicit libs: []
  implicit dirs: []
  implicit fwks: []




Detecting C [-std=c11] compiler features compiled with the following output:
Change Dir: /home/sebastiaan/projects/bmptkpp/Build-environment/modules/INPUTLIB/CMakeFiles/CMakeTmp

Run Build Command:"/usr/bin/make" "cmTC_d5ef2/fast"
/usr/bin/make -f CMakeFiles/cmTC_d5ef2.dir/build.make CMakeFiles/cmTC_d5ef2.dir/build
make[1]: Entering directory '/home/sebastiaan/projects/bmptkpp/Build-environment/modules/INPUTLIB/CMakeFiles/CMakeTmp'
Building C object CMakeFiles/cmTC_d5ef2.dir/feature_tests.c.obj
/usr/bin/arm-none-eabi-gcc   -std=c11 -o CMakeFiles/cmTC_d5ef2.dir/feature_tests.c.obj   -c /home/sebastiaan/projects/bmptkpp/Build-environment/modules/INPUTLIB/CMakeFiles/feature_tests.c
Linking C static library libcmTC_d5ef2.a
/usr/bin/cmake -P CMakeFiles/cmTC_d5ef2.dir/cmake_clean_target.cmake
/usr/bin/cmake -E cmake_link_script CMakeFiles/cmTC_d5ef2.dir/link.txt --verbose=1
/usr/bin/arm-none-eabi-ar qc libcmTC_d5ef2.a  CMakeFiles/cmTC_d5ef2.dir/feature_tests.c.obj
/usr/bin/arm-none-eabi-ranlib libcmTC_d5ef2.a
make[1]: Leaving directory '/home/sebastiaan/projects/bmptkpp/Build-environment/modules/INPUTLIB/CMakeFiles/CMakeTmp'


    Feature record: C_FEATURE:1c_function_prototypes
    Feature record: C_FEATURE:1c_restrict
    Feature record: C_FEATURE:1c_static_assert
    Feature record: C_FEATURE:1c_variadic_macros


Detecting C [-std=c99] compiler features compiled with the following output:
Change Dir: /home/sebastiaan/projects/bmptkpp/Build-environment/modules/INPUTLIB/CMakeFiles/CMakeTmp

Run Build Command:"/usr/bin/make" "cmTC_627e6/fast"
/usr/bin/make -f CMakeFiles/cmTC_627e6.dir/build.make CMakeFiles/cmTC_627e6.dir/build
make[1]: Entering directory '/home/sebastiaan/projects/bmptkpp/Build-environment/modules/INPUTLIB/CMakeFiles/CMakeTmp'
Building C object CMakeFiles/cmTC_627e6.dir/feature_tests.c.obj
/usr/bin/arm-none-eabi-gcc   -std=c99 -o CMakeFiles/cmTC_627e6.dir/feature_tests.c.obj   -c /home/sebastiaan/projects/bmptkpp/Build-environment/modules/INPUTLIB/CMakeFiles/feature_tests.c
Linking C static library libcmTC_627e6.a
/usr/bin/cmake -P CMakeFiles/cmTC_627e6.dir/cmake_clean_target.cmake
/usr/bin/cmake -E cmake_link_script CMakeFiles/cmTC_627e6.dir/link.txt --verbose=1
/usr/bin/arm-none-eabi-ar qc libcmTC_627e6.a  CMakeFiles/cmTC_627e6.dir/feature_tests.c.obj
/usr/bin/arm-none-eabi-ranlib libcmTC_627e6.a
make[1]: Leaving directory '/home/sebastiaan/projects/bmptkpp/Build-environment/modules/INPUTLIB/CMakeFiles/CMakeTmp'


    Feature record: C_FEATURE:1c_function_prototypes
    Feature record: C_FEATURE:1c_restrict
    Feature record: C_FEATURE:0c_static_assert
    Feature record: C_FEATURE:1c_variadic_macros


Detecting C [-std=c90] compiler features compiled with the following output:
Change Dir: /home/sebastiaan/projects/bmptkpp/Build-environment/modules/INPUTLIB/CMakeFiles/CMakeTmp

Run Build Command:"/usr/bin/make" "cmTC_77bbc/fast"
/usr/bin/make -f CMakeFiles/cmTC_77bbc.dir/build.make CMakeFiles/cmTC_77bbc.dir/build
make[1]: Entering directory '/home/sebastiaan/projects/bmptkpp/Build-environment/modules/INPUTLIB/CMakeFiles/CMakeTmp'
Building C object CMakeFiles/cmTC_77bbc.dir/feature_tests.c.obj
/usr/bin/arm-none-eabi-gcc   -std=c90 -o CMakeFiles/cmTC_77bbc.dir/feature_tests.c.obj   -c /home/sebastiaan/projects/bmptkpp/Build-environment/modules/INPUTLIB/CMakeFiles/feature_tests.c
Linking C static library libcmTC_77bbc.a
/usr/bin/cmake -P CMakeFiles/cmTC_77bbc.dir/cmake_clean_target.cmake
/usr/bin/cmake -E cmake_link_script CMakeFiles/cmTC_77bbc.dir/link.txt --verbose=1
/usr/bin/arm-none-eabi-ar qc libcmTC_77bbc.a  CMakeFiles/cmTC_77bbc.dir/feature_tests.c.obj
/usr/bin/arm-none-eabi-ranlib libcmTC_77bbc.a
make[1]: Leaving directory '/home/sebastiaan/projects/bmptkpp/Build-environment/modules/INPUTLIB/CMakeFiles/CMakeTmp'


    Feature record: C_FEATURE:1c_function_prototypes
    Feature record: C_FEATURE:0c_restrict
    Feature record: C_FEATURE:0c_static_assert
    Feature record: C_FEATURE:0c_variadic_macros
