The target system is: Generic -  - 
The host system is: Linux - 4.15.0-23-generic - x86_64
Compiling the CXX compiler identification source file "CMakeCXXCompilerId.cpp" succeeded.
Compiler: /usr/bin/arm-none-eabi-g++ 
Build flags: 
Id flags: -c 

The output was:
0


Compilation of the CXX compiler identification source "CMakeCXXCompilerId.cpp" produced "CMakeCXXCompilerId.o"

The CXX compiler identification is GNU, found in "/home/sebastiaan/projects/bmptkpp/Build-environment/modules/INPUTLIB/cmake-build-release/CMakeFiles/3.10.3/CompilerIdCXX/CMakeCXXCompilerId.o"

Detecting CXX compiler ABI info compiled with the following output:
Change Dir: /home/sebastiaan/projects/bmptkpp/Build-environment/modules/INPUTLIB/cmake-build-release/CMakeFiles/CMakeTmp

Run Build Command:"/usr/bin/make" "cmTC_6f65c/fast"
/usr/bin/make -f CMakeFiles/cmTC_6f65c.dir/build.make CMakeFiles/cmTC_6f65c.dir/build
make[1]: Entering directory '/home/sebastiaan/projects/bmptkpp/Build-environment/modules/INPUTLIB/cmake-build-release/CMakeFiles/CMakeTmp'
Building CXX object CMakeFiles/cmTC_6f65c.dir/CMakeCXXCompilerABI.cpp.obj
/usr/bin/arm-none-eabi-g++     -o CMakeFiles/cmTC_6f65c.dir/CMakeCXXCompilerABI.cpp.obj -c /home/sebastiaan/.local/share/JetBrains/Toolbox/apps/CLion/ch-0/181.5087.36/bin/cmake/share/cmake-3.10/Modules/CMakeCXXCompilerABI.cpp
Linking CXX static library libcmTC_6f65c.a
/home/sebastiaan/.local/share/JetBrains/Toolbox/apps/CLion/ch-0/181.5087.36/bin/cmake/bin/cmake -P CMakeFiles/cmTC_6f65c.dir/cmake_clean_target.cmake
/home/sebastiaan/.local/share/JetBrains/Toolbox/apps/CLion/ch-0/181.5087.36/bin/cmake/bin/cmake -E cmake_link_script CMakeFiles/cmTC_6f65c.dir/link.txt --verbose=1
/usr/bin/arm-none-eabi-ar qc libcmTC_6f65c.a  CMakeFiles/cmTC_6f65c.dir/CMakeCXXCompilerABI.cpp.obj
/usr/bin/arm-none-eabi-ranlib libcmTC_6f65c.a
make[1]: Leaving directory '/home/sebastiaan/projects/bmptkpp/Build-environment/modules/INPUTLIB/cmake-build-release/CMakeFiles/CMakeTmp'


Parsed CXX implicit link information from above output:
  link line regex: [^( *|.*[/\])(arm-none-eabi-ld|CMAKE_LINK_STARTFILE-NOTFOUND|([^/\]+-)?ld|collect2)[^/\]*( |$)]
  ignore line: [Change Dir: /home/sebastiaan/projects/bmptkpp/Build-environment/modules/INPUTLIB/cmake-build-release/CMakeFiles/CMakeTmp]
  ignore line: []
  ignore line: [Run Build Command:"/usr/bin/make" "cmTC_6f65c/fast"]
  ignore line: [/usr/bin/make -f CMakeFiles/cmTC_6f65c.dir/build.make CMakeFiles/cmTC_6f65c.dir/build]
  ignore line: [make[1]: Entering directory '/home/sebastiaan/projects/bmptkpp/Build-environment/modules/INPUTLIB/cmake-build-release/CMakeFiles/CMakeTmp']
  ignore line: [Building CXX object CMakeFiles/cmTC_6f65c.dir/CMakeCXXCompilerABI.cpp.obj]
  ignore line: [/usr/bin/arm-none-eabi-g++     -o CMakeFiles/cmTC_6f65c.dir/CMakeCXXCompilerABI.cpp.obj -c /home/sebastiaan/.local/share/JetBrains/Toolbox/apps/CLion/ch-0/181.5087.36/bin/cmake/share/cmake-3.10/Modules/CMakeCXXCompilerABI.cpp]
  ignore line: [Linking CXX static library libcmTC_6f65c.a]
  ignore line: [/home/sebastiaan/.local/share/JetBrains/Toolbox/apps/CLion/ch-0/181.5087.36/bin/cmake/bin/cmake -P CMakeFiles/cmTC_6f65c.dir/cmake_clean_target.cmake]
  ignore line: [/home/sebastiaan/.local/share/JetBrains/Toolbox/apps/CLion/ch-0/181.5087.36/bin/cmake/bin/cmake -E cmake_link_script CMakeFiles/cmTC_6f65c.dir/link.txt --verbose=1]
  ignore line: [/usr/bin/arm-none-eabi-ar qc libcmTC_6f65c.a  CMakeFiles/cmTC_6f65c.dir/CMakeCXXCompilerABI.cpp.obj]
  ignore line: [/usr/bin/arm-none-eabi-ranlib libcmTC_6f65c.a]
  ignore line: [make[1]: Leaving directory '/home/sebastiaan/projects/bmptkpp/Build-environment/modules/INPUTLIB/cmake-build-release/CMakeFiles/CMakeTmp']
  ignore line: []
  implicit libs: []
  implicit dirs: []
  implicit fwks: []




Detecting CXX [-std=c++1z] compiler features compiled with the following output:
Change Dir: /home/sebastiaan/projects/bmptkpp/Build-environment/modules/INPUTLIB/cmake-build-release/CMakeFiles/CMakeTmp

Run Build Command:"/usr/bin/make" "cmTC_85ec2/fast"
/usr/bin/make -f CMakeFiles/cmTC_85ec2.dir/build.make CMakeFiles/cmTC_85ec2.dir/build
make[1]: Entering directory '/home/sebastiaan/projects/bmptkpp/Build-environment/modules/INPUTLIB/cmake-build-release/CMakeFiles/CMakeTmp'
Building CXX object CMakeFiles/cmTC_85ec2.dir/feature_tests.cxx.obj
/usr/bin/arm-none-eabi-g++    -std=c++1z -o CMakeFiles/cmTC_85ec2.dir/feature_tests.cxx.obj -c /home/sebastiaan/projects/bmptkpp/Build-environment/modules/INPUTLIB/cmake-build-release/CMakeFiles/feature_tests.cxx
Linking CXX static library libcmTC_85ec2.a
/home/sebastiaan/.local/share/JetBrains/Toolbox/apps/CLion/ch-0/181.5087.36/bin/cmake/bin/cmake -P CMakeFiles/cmTC_85ec2.dir/cmake_clean_target.cmake
/home/sebastiaan/.local/share/JetBrains/Toolbox/apps/CLion/ch-0/181.5087.36/bin/cmake/bin/cmake -E cmake_link_script CMakeFiles/cmTC_85ec2.dir/link.txt --verbose=1
/usr/bin/arm-none-eabi-ar qc libcmTC_85ec2.a  CMakeFiles/cmTC_85ec2.dir/feature_tests.cxx.obj
/usr/bin/arm-none-eabi-ranlib libcmTC_85ec2.a
make[1]: Leaving directory '/home/sebastiaan/projects/bmptkpp/Build-environment/modules/INPUTLIB/cmake-build-release/CMakeFiles/CMakeTmp'


    Feature record: CXX_FEATURE:1cxx_aggregate_default_initializers
    Feature record: CXX_FEATURE:1cxx_alias_templates
    Feature record: CXX_FEATURE:1cxx_alignas
    Feature record: CXX_FEATURE:1cxx_alignof
    Feature record: CXX_FEATURE:1cxx_attributes
    Feature record: CXX_FEATURE:1cxx_attribute_deprecated
    Feature record: CXX_FEATURE:1cxx_auto_type
    Feature record: CXX_FEATURE:1cxx_binary_literals
    Feature record: CXX_FEATURE:1cxx_constexpr
    Feature record: CXX_FEATURE:1cxx_contextual_conversions
    Feature record: CXX_FEATURE:1cxx_decltype
    Feature record: CXX_FEATURE:1cxx_decltype_auto
    Feature record: CXX_FEATURE:1cxx_decltype_incomplete_return_types
    Feature record: CXX_FEATURE:1cxx_default_function_template_args
    Feature record: CXX_FEATURE:1cxx_defaulted_functions
    Feature record: CXX_FEATURE:1cxx_defaulted_move_initializers
    Feature record: CXX_FEATURE:1cxx_delegating_constructors
    Feature record: CXX_FEATURE:1cxx_deleted_functions
    Feature record: CXX_FEATURE:1cxx_digit_separators
    Feature record: CXX_FEATURE:1cxx_enum_forward_declarations
    Feature record: CXX_FEATURE:1cxx_explicit_conversions
    Feature record: CXX_FEATURE:1cxx_extended_friend_declarations
    Feature record: CXX_FEATURE:1cxx_extern_templates
    Feature record: CXX_FEATURE:1cxx_final
    Feature record: CXX_FEATURE:1cxx_func_identifier
    Feature record: CXX_FEATURE:1cxx_generalized_initializers
    Feature record: CXX_FEATURE:1cxx_generic_lambdas
    Feature record: CXX_FEATURE:1cxx_inheriting_constructors
    Feature record: CXX_FEATURE:1cxx_inline_namespaces
    Feature record: CXX_FEATURE:1cxx_lambdas
    Feature record: CXX_FEATURE:1cxx_lambda_init_captures
    Feature record: CXX_FEATURE:1cxx_local_type_template_args
    Feature record: CXX_FEATURE:1cxx_long_long_type
    Feature record: CXX_FEATURE:1cxx_noexcept
    Feature record: CXX_FEATURE:1cxx_nonstatic_member_init
    Feature record: CXX_FEATURE:1cxx_nullptr
    Feature record: CXX_FEATURE:1cxx_override
    Feature record: CXX_FEATURE:1cxx_range_for
    Feature record: CXX_FEATURE:1cxx_raw_string_literals
    Feature record: CXX_FEATURE:1cxx_reference_qualified_functions
    Feature record: CXX_FEATURE:1cxx_relaxed_constexpr
    Feature record: CXX_FEATURE:1cxx_return_type_deduction
    Feature record: CXX_FEATURE:1cxx_right_angle_brackets
    Feature record: CXX_FEATURE:1cxx_rvalue_references
    Feature record: CXX_FEATURE:1cxx_sizeof_member
    Feature record: CXX_FEATURE:1cxx_static_assert
    Feature record: CXX_FEATURE:1cxx_strong_enums
    Feature record: CXX_FEATURE:1cxx_template_template_parameters
    Feature record: CXX_FEATURE:1cxx_thread_local
    Feature record: CXX_FEATURE:1cxx_trailing_return_types
    Feature record: CXX_FEATURE:1cxx_unicode_literals
    Feature record: CXX_FEATURE:1cxx_uniform_initialization
    Feature record: CXX_FEATURE:1cxx_unrestricted_unions
    Feature record: CXX_FEATURE:1cxx_user_literals
    Feature record: CXX_FEATURE:1cxx_variable_templates
    Feature record: CXX_FEATURE:1cxx_variadic_macros
    Feature record: CXX_FEATURE:1cxx_variadic_templates


Detecting CXX [-std=c++14] compiler features compiled with the following output:
Change Dir: /home/sebastiaan/projects/bmptkpp/Build-environment/modules/INPUTLIB/cmake-build-release/CMakeFiles/CMakeTmp

Run Build Command:"/usr/bin/make" "cmTC_3f1fc/fast"
/usr/bin/make -f CMakeFiles/cmTC_3f1fc.dir/build.make CMakeFiles/cmTC_3f1fc.dir/build
make[1]: Entering directory '/home/sebastiaan/projects/bmptkpp/Build-environment/modules/INPUTLIB/cmake-build-release/CMakeFiles/CMakeTmp'
Building CXX object CMakeFiles/cmTC_3f1fc.dir/feature_tests.cxx.obj
/usr/bin/arm-none-eabi-g++    -std=c++14 -o CMakeFiles/cmTC_3f1fc.dir/feature_tests.cxx.obj -c /home/sebastiaan/projects/bmptkpp/Build-environment/modules/INPUTLIB/cmake-build-release/CMakeFiles/feature_tests.cxx
Linking CXX static library libcmTC_3f1fc.a
/home/sebastiaan/.local/share/JetBrains/Toolbox/apps/CLion/ch-0/181.5087.36/bin/cmake/bin/cmake -P CMakeFiles/cmTC_3f1fc.dir/cmake_clean_target.cmake
/home/sebastiaan/.local/share/JetBrains/Toolbox/apps/CLion/ch-0/181.5087.36/bin/cmake/bin/cmake -E cmake_link_script CMakeFiles/cmTC_3f1fc.dir/link.txt --verbose=1
/usr/bin/arm-none-eabi-ar qc libcmTC_3f1fc.a  CMakeFiles/cmTC_3f1fc.dir/feature_tests.cxx.obj
/usr/bin/arm-none-eabi-ranlib libcmTC_3f1fc.a
make[1]: Leaving directory '/home/sebastiaan/projects/bmptkpp/Build-environment/modules/INPUTLIB/cmake-build-release/CMakeFiles/CMakeTmp'


    Feature record: CXX_FEATURE:1cxx_aggregate_default_initializers
    Feature record: CXX_FEATURE:1cxx_alias_templates
    Feature record: CXX_FEATURE:1cxx_alignas
    Feature record: CXX_FEATURE:1cxx_alignof
    Feature record: CXX_FEATURE:1cxx_attributes
    Feature record: CXX_FEATURE:1cxx_attribute_deprecated
    Feature record: CXX_FEATURE:1cxx_auto_type
    Feature record: CXX_FEATURE:1cxx_binary_literals
    Feature record: CXX_FEATURE:1cxx_constexpr
    Feature record: CXX_FEATURE:1cxx_contextual_conversions
    Feature record: CXX_FEATURE:1cxx_decltype
    Feature record: CXX_FEATURE:1cxx_decltype_auto
    Feature record: CXX_FEATURE:1cxx_decltype_incomplete_return_types
    Feature record: CXX_FEATURE:1cxx_default_function_template_args
    Feature record: CXX_FEATURE:1cxx_defaulted_functions
    Feature record: CXX_FEATURE:1cxx_defaulted_move_initializers
    Feature record: CXX_FEATURE:1cxx_delegating_constructors
    Feature record: CXX_FEATURE:1cxx_deleted_functions
    Feature record: CXX_FEATURE:1cxx_digit_separators
    Feature record: CXX_FEATURE:1cxx_enum_forward_declarations
    Feature record: CXX_FEATURE:1cxx_explicit_conversions
    Feature record: CXX_FEATURE:1cxx_extended_friend_declarations
    Feature record: CXX_FEATURE:1cxx_extern_templates
    Feature record: CXX_FEATURE:1cxx_final
    Feature record: CXX_FEATURE:1cxx_func_identifier
    Feature record: CXX_FEATURE:1cxx_generalized_initializers
    Feature record: CXX_FEATURE:1cxx_generic_lambdas
    Feature record: CXX_FEATURE:1cxx_inheriting_constructors
    Feature record: CXX_FEATURE:1cxx_inline_namespaces
    Feature record: CXX_FEATURE:1cxx_lambdas
    Feature record: CXX_FEATURE:1cxx_lambda_init_captures
    Feature record: CXX_FEATURE:1cxx_local_type_template_args
    Feature record: CXX_FEATURE:1cxx_long_long_type
    Feature record: CXX_FEATURE:1cxx_noexcept
    Feature record: CXX_FEATURE:1cxx_nonstatic_member_init
    Feature record: CXX_FEATURE:1cxx_nullptr
    Feature record: CXX_FEATURE:1cxx_override
    Feature record: CXX_FEATURE:1cxx_range_for
    Feature record: CXX_FEATURE:1cxx_raw_string_literals
    Feature record: CXX_FEATURE:1cxx_reference_qualified_functions
    Feature record: CXX_FEATURE:1cxx_relaxed_constexpr
    Feature record: CXX_FEATURE:1cxx_return_type_deduction
    Feature record: CXX_FEATURE:1cxx_right_angle_brackets
    Feature record: CXX_FEATURE:1cxx_rvalue_references
    Feature record: CXX_FEATURE:1cxx_sizeof_member
    Feature record: CXX_FEATURE:1cxx_static_assert
    Feature record: CXX_FEATURE:1cxx_strong_enums
    Feature record: CXX_FEATURE:1cxx_template_template_parameters
    Feature record: CXX_FEATURE:1cxx_thread_local
    Feature record: CXX_FEATURE:1cxx_trailing_return_types
    Feature record: CXX_FEATURE:1cxx_unicode_literals
    Feature record: CXX_FEATURE:1cxx_uniform_initialization
    Feature record: CXX_FEATURE:1cxx_unrestricted_unions
    Feature record: CXX_FEATURE:1cxx_user_literals
    Feature record: CXX_FEATURE:1cxx_variable_templates
    Feature record: CXX_FEATURE:1cxx_variadic_macros
    Feature record: CXX_FEATURE:1cxx_variadic_templates


Detecting CXX [-std=c++11] compiler features compiled with the following output:
Change Dir: /home/sebastiaan/projects/bmptkpp/Build-environment/modules/INPUTLIB/cmake-build-release/CMakeFiles/CMakeTmp

Run Build Command:"/usr/bin/make" "cmTC_96ab4/fast"
/usr/bin/make -f CMakeFiles/cmTC_96ab4.dir/build.make CMakeFiles/cmTC_96ab4.dir/build
make[1]: Entering directory '/home/sebastiaan/projects/bmptkpp/Build-environment/modules/INPUTLIB/cmake-build-release/CMakeFiles/CMakeTmp'
Building CXX object CMakeFiles/cmTC_96ab4.dir/feature_tests.cxx.obj
/usr/bin/arm-none-eabi-g++    -std=c++11 -o CMakeFiles/cmTC_96ab4.dir/feature_tests.cxx.obj -c /home/sebastiaan/projects/bmptkpp/Build-environment/modules/INPUTLIB/cmake-build-release/CMakeFiles/feature_tests.cxx
Linking CXX static library libcmTC_96ab4.a
/home/sebastiaan/.local/share/JetBrains/Toolbox/apps/CLion/ch-0/181.5087.36/bin/cmake/bin/cmake -P CMakeFiles/cmTC_96ab4.dir/cmake_clean_target.cmake
/home/sebastiaan/.local/share/JetBrains/Toolbox/apps/CLion/ch-0/181.5087.36/bin/cmake/bin/cmake -E cmake_link_script CMakeFiles/cmTC_96ab4.dir/link.txt --verbose=1
/usr/bin/arm-none-eabi-ar qc libcmTC_96ab4.a  CMakeFiles/cmTC_96ab4.dir/feature_tests.cxx.obj
/usr/bin/arm-none-eabi-ranlib libcmTC_96ab4.a
make[1]: Leaving directory '/home/sebastiaan/projects/bmptkpp/Build-environment/modules/INPUTLIB/cmake-build-release/CMakeFiles/CMakeTmp'


    Feature record: CXX_FEATURE:0cxx_aggregate_default_initializers
    Feature record: CXX_FEATURE:1cxx_alias_templates
    Feature record: CXX_FEATURE:1cxx_alignas
    Feature record: CXX_FEATURE:1cxx_alignof
    Feature record: CXX_FEATURE:1cxx_attributes
    Feature record: CXX_FEATURE:0cxx_attribute_deprecated
    Feature record: CXX_FEATURE:1cxx_auto_type
    Feature record: CXX_FEATURE:0cxx_binary_literals
    Feature record: CXX_FEATURE:1cxx_constexpr
    Feature record: CXX_FEATURE:0cxx_contextual_conversions
    Feature record: CXX_FEATURE:1cxx_decltype
    Feature record: CXX_FEATURE:0cxx_decltype_auto
    Feature record: CXX_FEATURE:1cxx_decltype_incomplete_return_types
    Feature record: CXX_FEATURE:1cxx_default_function_template_args
    Feature record: CXX_FEATURE:1cxx_defaulted_functions
    Feature record: CXX_FEATURE:1cxx_defaulted_move_initializers
    Feature record: CXX_FEATURE:1cxx_delegating_constructors
    Feature record: CXX_FEATURE:1cxx_deleted_functions
    Feature record: CXX_FEATURE:0cxx_digit_separators
    Feature record: CXX_FEATURE:1cxx_enum_forward_declarations
    Feature record: CXX_FEATURE:1cxx_explicit_conversions
    Feature record: CXX_FEATURE:1cxx_extended_friend_declarations
    Feature record: CXX_FEATURE:1cxx_extern_templates
    Feature record: CXX_FEATURE:1cxx_final
    Feature record: CXX_FEATURE:1cxx_func_identifier
    Feature record: CXX_FEATURE:1cxx_generalized_initializers
    Feature record: CXX_FEATURE:0cxx_generic_lambdas
    Feature record: CXX_FEATURE:1cxx_inheriting_constructors
    Feature record: CXX_FEATURE:1cxx_inline_namespaces
    Feature record: CXX_FEATURE:1cxx_lambdas
    Feature record: CXX_FEATURE:0cxx_lambda_init_captures
    Feature record: CXX_FEATURE:1cxx_local_type_template_args
    Feature record: CXX_FEATURE:1cxx_long_long_type
    Feature record: CXX_FEATURE:1cxx_noexcept
    Feature record: CXX_FEATURE:1cxx_nonstatic_member_init
    Feature record: CXX_FEATURE:1cxx_nullptr
    Feature record: CXX_FEATURE:1cxx_override
    Feature record: CXX_FEATURE:1cxx_range_for
    Feature record: CXX_FEATURE:1cxx_raw_string_literals
    Feature record: CXX_FEATURE:1cxx_reference_qualified_functions
    Feature record: CXX_FEATURE:0cxx_relaxed_constexpr
    Feature record: CXX_FEATURE:0cxx_return_type_deduction
    Feature record: CXX_FEATURE:1cxx_right_angle_brackets
    Feature record: CXX_FEATURE:1cxx_rvalue_references
    Feature record: CXX_FEATURE:1cxx_sizeof_member
    Feature record: CXX_FEATURE:1cxx_static_assert
    Feature record: CXX_FEATURE:1cxx_strong_enums
    Feature record: CXX_FEATURE:1cxx_template_template_parameters
    Feature record: CXX_FEATURE:1cxx_thread_local
    Feature record: CXX_FEATURE:1cxx_trailing_return_types
    Feature record: CXX_FEATURE:1cxx_unicode_literals
    Feature record: CXX_FEATURE:1cxx_uniform_initialization
    Feature record: CXX_FEATURE:1cxx_unrestricted_unions
    Feature record: CXX_FEATURE:1cxx_user_literals
    Feature record: CXX_FEATURE:0cxx_variable_templates
    Feature record: CXX_FEATURE:1cxx_variadic_macros
    Feature record: CXX_FEATURE:1cxx_variadic_templates


Detecting CXX [-std=c++98] compiler features compiled with the following output:
Change Dir: /home/sebastiaan/projects/bmptkpp/Build-environment/modules/INPUTLIB/cmake-build-release/CMakeFiles/CMakeTmp

Run Build Command:"/usr/bin/make" "cmTC_146c4/fast"
/usr/bin/make -f CMakeFiles/cmTC_146c4.dir/build.make CMakeFiles/cmTC_146c4.dir/build
make[1]: Entering directory '/home/sebastiaan/projects/bmptkpp/Build-environment/modules/INPUTLIB/cmake-build-release/CMakeFiles/CMakeTmp'
Building CXX object CMakeFiles/cmTC_146c4.dir/feature_tests.cxx.obj
/usr/bin/arm-none-eabi-g++    -std=c++98 -o CMakeFiles/cmTC_146c4.dir/feature_tests.cxx.obj -c /home/sebastiaan/projects/bmptkpp/Build-environment/modules/INPUTLIB/cmake-build-release/CMakeFiles/feature_tests.cxx
Linking CXX static library libcmTC_146c4.a
/home/sebastiaan/.local/share/JetBrains/Toolbox/apps/CLion/ch-0/181.5087.36/bin/cmake/bin/cmake -P CMakeFiles/cmTC_146c4.dir/cmake_clean_target.cmake
/home/sebastiaan/.local/share/JetBrains/Toolbox/apps/CLion/ch-0/181.5087.36/bin/cmake/bin/cmake -E cmake_link_script CMakeFiles/cmTC_146c4.dir/link.txt --verbose=1
/usr/bin/arm-none-eabi-ar qc libcmTC_146c4.a  CMakeFiles/cmTC_146c4.dir/feature_tests.cxx.obj
/usr/bin/arm-none-eabi-ranlib libcmTC_146c4.a
make[1]: Leaving directory '/home/sebastiaan/projects/bmptkpp/Build-environment/modules/INPUTLIB/cmake-build-release/CMakeFiles/CMakeTmp'


    Feature record: CXX_FEATURE:0cxx_aggregate_default_initializers
    Feature record: CXX_FEATURE:0cxx_alias_templates
    Feature record: CXX_FEATURE:0cxx_alignas
    Feature record: CXX_FEATURE:0cxx_alignof
    Feature record: CXX_FEATURE:0cxx_attributes
    Feature record: CXX_FEATURE:0cxx_attribute_deprecated
    Feature record: CXX_FEATURE:0cxx_auto_type
    Feature record: CXX_FEATURE:0cxx_binary_literals
    Feature record: CXX_FEATURE:0cxx_constexpr
    Feature record: CXX_FEATURE:0cxx_contextual_conversions
    Feature record: CXX_FEATURE:0cxx_decltype
    Feature record: CXX_FEATURE:0cxx_decltype_auto
    Feature record: CXX_FEATURE:0cxx_decltype_incomplete_return_types
    Feature record: CXX_FEATURE:0cxx_default_function_template_args
    Feature record: CXX_FEATURE:0cxx_defaulted_functions
    Feature record: CXX_FEATURE:0cxx_defaulted_move_initializers
    Feature record: CXX_FEATURE:0cxx_delegating_constructors
    Feature record: CXX_FEATURE:0cxx_deleted_functions
    Feature record: CXX_FEATURE:0cxx_digit_separators
    Feature record: CXX_FEATURE:0cxx_enum_forward_declarations
    Feature record: CXX_FEATURE:0cxx_explicit_conversions
    Feature record: CXX_FEATURE:0cxx_extended_friend_declarations
    Feature record: CXX_FEATURE:0cxx_extern_templates
    Feature record: CXX_FEATURE:0cxx_final
    Feature record: CXX_FEATURE:0cxx_func_identifier
    Feature record: CXX_FEATURE:0cxx_generalized_initializers
    Feature record: CXX_FEATURE:0cxx_generic_lambdas
    Feature record: CXX_FEATURE:0cxx_inheriting_constructors
    Feature record: CXX_FEATURE:0cxx_inline_namespaces
    Feature record: CXX_FEATURE:0cxx_lambdas
    Feature record: CXX_FEATURE:0cxx_lambda_init_captures
    Feature record: CXX_FEATURE:0cxx_local_type_template_args
    Feature record: CXX_FEATURE:0cxx_long_long_type
    Feature record: CXX_FEATURE:0cxx_noexcept
    Feature record: CXX_FEATURE:0cxx_nonstatic_member_init
    Feature record: CXX_FEATURE:0cxx_nullptr
    Feature record: CXX_FEATURE:0cxx_override
    Feature record: CXX_FEATURE:0cxx_range_for
    Feature record: CXX_FEATURE:0cxx_raw_string_literals
    Feature record: CXX_FEATURE:0cxx_reference_qualified_functions
    Feature record: CXX_FEATURE:0cxx_relaxed_constexpr
    Feature record: CXX_FEATURE:0cxx_return_type_deduction
    Feature record: CXX_FEATURE:0cxx_right_angle_brackets
    Feature record: CXX_FEATURE:0cxx_rvalue_references
    Feature record: CXX_FEATURE:0cxx_sizeof_member
    Feature record: CXX_FEATURE:0cxx_static_assert
    Feature record: CXX_FEATURE:0cxx_strong_enums
    Feature record: CXX_FEATURE:1cxx_template_template_parameters
    Feature record: CXX_FEATURE:0cxx_thread_local
    Feature record: CXX_FEATURE:0cxx_trailing_return_types
    Feature record: CXX_FEATURE:0cxx_unicode_literals
    Feature record: CXX_FEATURE:0cxx_uniform_initialization
    Feature record: CXX_FEATURE:0cxx_unrestricted_unions
    Feature record: CXX_FEATURE:0cxx_user_literals
    Feature record: CXX_FEATURE:0cxx_variable_templates
    Feature record: CXX_FEATURE:0cxx_variadic_macros
    Feature record: CXX_FEATURE:0cxx_variadic_templates
Checking whether the ASM compiler is GNU using "--version" matched "(GNU assembler)|(GCC)|(Free Software Foundation)":
arm-none-eabi-gcc (15:6.3.1+svn253039-1build1) 6.3.1 20170620
Copyright (C) 2016 Free Software Foundation, Inc.
This is free software; see the source for copying conditions.  There is NO
warranty; not even for MERCHANTABILITY or FITNESS FOR A PARTICULAR PURPOSE.

Compiling the C compiler identification source file "CMakeCCompilerId.c" succeeded.
Compiler: /usr/bin/arm-none-eabi-gcc 
Build flags: 
Id flags: -c 

The output was:
0


Compilation of the C compiler identification source "CMakeCCompilerId.c" produced "CMakeCCompilerId.o"

The C compiler identification is GNU, found in "/home/sebastiaan/projects/bmptkpp/Build-environment/modules/INPUTLIB/cmake-build-release/CMakeFiles/3.10.3/CompilerIdC/CMakeCCompilerId.o"

Detecting C compiler ABI info compiled with the following output:
Change Dir: /home/sebastiaan/projects/bmptkpp/Build-environment/modules/INPUTLIB/cmake-build-release/CMakeFiles/CMakeTmp

Run Build Command:"/usr/bin/make" "cmTC_dd014/fast"
/usr/bin/make -f CMakeFiles/cmTC_dd014.dir/build.make CMakeFiles/cmTC_dd014.dir/build
make[1]: Entering directory '/home/sebastiaan/projects/bmptkpp/Build-environment/modules/INPUTLIB/cmake-build-release/CMakeFiles/CMakeTmp'
Building C object CMakeFiles/cmTC_dd014.dir/CMakeCCompilerABI.c.obj
/usr/bin/arm-none-eabi-gcc    -o CMakeFiles/cmTC_dd014.dir/CMakeCCompilerABI.c.obj   -c /home/sebastiaan/.local/share/JetBrains/Toolbox/apps/CLion/ch-0/181.5087.36/bin/cmake/share/cmake-3.10/Modules/CMakeCCompilerABI.c
Linking C static library libcmTC_dd014.a
/home/sebastiaan/.local/share/JetBrains/Toolbox/apps/CLion/ch-0/181.5087.36/bin/cmake/bin/cmake -P CMakeFiles/cmTC_dd014.dir/cmake_clean_target.cmake
/home/sebastiaan/.local/share/JetBrains/Toolbox/apps/CLion/ch-0/181.5087.36/bin/cmake/bin/cmake -E cmake_link_script CMakeFiles/cmTC_dd014.dir/link.txt --verbose=1
/usr/bin/arm-none-eabi-ar qc libcmTC_dd014.a  CMakeFiles/cmTC_dd014.dir/CMakeCCompilerABI.c.obj
/usr/bin/arm-none-eabi-ranlib libcmTC_dd014.a
make[1]: Leaving directory '/home/sebastiaan/projects/bmptkpp/Build-environment/modules/INPUTLIB/cmake-build-release/CMakeFiles/CMakeTmp'


Parsed C implicit link information from above output:
  link line regex: [^( *|.*[/\])(arm-none-eabi-ld|CMAKE_LINK_STARTFILE-NOTFOUND|([^/\]+-)?ld|collect2)[^/\]*( |$)]
  ignore line: [Change Dir: /home/sebastiaan/projects/bmptkpp/Build-environment/modules/INPUTLIB/cmake-build-release/CMakeFiles/CMakeTmp]
  ignore line: []
  ignore line: [Run Build Command:"/usr/bin/make" "cmTC_dd014/fast"]
  ignore line: [/usr/bin/make -f CMakeFiles/cmTC_dd014.dir/build.make CMakeFiles/cmTC_dd014.dir/build]
  ignore line: [make[1]: Entering directory '/home/sebastiaan/projects/bmptkpp/Build-environment/modules/INPUTLIB/cmake-build-release/CMakeFiles/CMakeTmp']
  ignore line: [Building C object CMakeFiles/cmTC_dd014.dir/CMakeCCompilerABI.c.obj]
  ignore line: [/usr/bin/arm-none-eabi-gcc    -o CMakeFiles/cmTC_dd014.dir/CMakeCCompilerABI.c.obj   -c /home/sebastiaan/.local/share/JetBrains/Toolbox/apps/CLion/ch-0/181.5087.36/bin/cmake/share/cmake-3.10/Modules/CMakeCCompilerABI.c]
  ignore line: [Linking C static library libcmTC_dd014.a]
  ignore line: [/home/sebastiaan/.local/share/JetBrains/Toolbox/apps/CLion/ch-0/181.5087.36/bin/cmake/bin/cmake -P CMakeFiles/cmTC_dd014.dir/cmake_clean_target.cmake]
  ignore line: [/home/sebastiaan/.local/share/JetBrains/Toolbox/apps/CLion/ch-0/181.5087.36/bin/cmake/bin/cmake -E cmake_link_script CMakeFiles/cmTC_dd014.dir/link.txt --verbose=1]
  ignore line: [/usr/bin/arm-none-eabi-ar qc libcmTC_dd014.a  CMakeFiles/cmTC_dd014.dir/CMakeCCompilerABI.c.obj]
  ignore line: [/usr/bin/arm-none-eabi-ranlib libcmTC_dd014.a]
  ignore line: [make[1]: Leaving directory '/home/sebastiaan/projects/bmptkpp/Build-environment/modules/INPUTLIB/cmake-build-release/CMakeFiles/CMakeTmp']
  ignore line: []
  implicit libs: []
  implicit dirs: []
  implicit fwks: []




Detecting C [-std=c11] compiler features compiled with the following output:
Change Dir: /home/sebastiaan/projects/bmptkpp/Build-environment/modules/INPUTLIB/cmake-build-release/CMakeFiles/CMakeTmp

Run Build Command:"/usr/bin/make" "cmTC_26b48/fast"
/usr/bin/make -f CMakeFiles/cmTC_26b48.dir/build.make CMakeFiles/cmTC_26b48.dir/build
make[1]: Entering directory '/home/sebastiaan/projects/bmptkpp/Build-environment/modules/INPUTLIB/cmake-build-release/CMakeFiles/CMakeTmp'
Building C object CMakeFiles/cmTC_26b48.dir/feature_tests.c.obj
/usr/bin/arm-none-eabi-gcc   -std=c11 -o CMakeFiles/cmTC_26b48.dir/feature_tests.c.obj   -c /home/sebastiaan/projects/bmptkpp/Build-environment/modules/INPUTLIB/cmake-build-release/CMakeFiles/feature_tests.c
Linking C static library libcmTC_26b48.a
/home/sebastiaan/.local/share/JetBrains/Toolbox/apps/CLion/ch-0/181.5087.36/bin/cmake/bin/cmake -P CMakeFiles/cmTC_26b48.dir/cmake_clean_target.cmake
/home/sebastiaan/.local/share/JetBrains/Toolbox/apps/CLion/ch-0/181.5087.36/bin/cmake/bin/cmake -E cmake_link_script CMakeFiles/cmTC_26b48.dir/link.txt --verbose=1
/usr/bin/arm-none-eabi-ar qc libcmTC_26b48.a  CMakeFiles/cmTC_26b48.dir/feature_tests.c.obj
/usr/bin/arm-none-eabi-ranlib libcmTC_26b48.a
make[1]: Leaving directory '/home/sebastiaan/projects/bmptkpp/Build-environment/modules/INPUTLIB/cmake-build-release/CMakeFiles/CMakeTmp'


    Feature record: C_FEATURE:1c_function_prototypes
    Feature record: C_FEATURE:1c_restrict
    Feature record: C_FEATURE:1c_static_assert
    Feature record: C_FEATURE:1c_variadic_macros


Detecting C [-std=c99] compiler features compiled with the following output:
Change Dir: /home/sebastiaan/projects/bmptkpp/Build-environment/modules/INPUTLIB/cmake-build-release/CMakeFiles/CMakeTmp

Run Build Command:"/usr/bin/make" "cmTC_7916d/fast"
/usr/bin/make -f CMakeFiles/cmTC_7916d.dir/build.make CMakeFiles/cmTC_7916d.dir/build
make[1]: Entering directory '/home/sebastiaan/projects/bmptkpp/Build-environment/modules/INPUTLIB/cmake-build-release/CMakeFiles/CMakeTmp'
Building C object CMakeFiles/cmTC_7916d.dir/feature_tests.c.obj
/usr/bin/arm-none-eabi-gcc   -std=c99 -o CMakeFiles/cmTC_7916d.dir/feature_tests.c.obj   -c /home/sebastiaan/projects/bmptkpp/Build-environment/modules/INPUTLIB/cmake-build-release/CMakeFiles/feature_tests.c
Linking C static library libcmTC_7916d.a
/home/sebastiaan/.local/share/JetBrains/Toolbox/apps/CLion/ch-0/181.5087.36/bin/cmake/bin/cmake -P CMakeFiles/cmTC_7916d.dir/cmake_clean_target.cmake
/home/sebastiaan/.local/share/JetBrains/Toolbox/apps/CLion/ch-0/181.5087.36/bin/cmake/bin/cmake -E cmake_link_script CMakeFiles/cmTC_7916d.dir/link.txt --verbose=1
/usr/bin/arm-none-eabi-ar qc libcmTC_7916d.a  CMakeFiles/cmTC_7916d.dir/feature_tests.c.obj
/usr/bin/arm-none-eabi-ranlib libcmTC_7916d.a
make[1]: Leaving directory '/home/sebastiaan/projects/bmptkpp/Build-environment/modules/INPUTLIB/cmake-build-release/CMakeFiles/CMakeTmp'


    Feature record: C_FEATURE:1c_function_prototypes
    Feature record: C_FEATURE:1c_restrict
    Feature record: C_FEATURE:0c_static_assert
    Feature record: C_FEATURE:1c_variadic_macros


Detecting C [-std=c90] compiler features compiled with the following output:
Change Dir: /home/sebastiaan/projects/bmptkpp/Build-environment/modules/INPUTLIB/cmake-build-release/CMakeFiles/CMakeTmp

Run Build Command:"/usr/bin/make" "cmTC_43971/fast"
/usr/bin/make -f CMakeFiles/cmTC_43971.dir/build.make CMakeFiles/cmTC_43971.dir/build
make[1]: Entering directory '/home/sebastiaan/projects/bmptkpp/Build-environment/modules/INPUTLIB/cmake-build-release/CMakeFiles/CMakeTmp'
Building C object CMakeFiles/cmTC_43971.dir/feature_tests.c.obj
/usr/bin/arm-none-eabi-gcc   -std=c90 -o CMakeFiles/cmTC_43971.dir/feature_tests.c.obj   -c /home/sebastiaan/projects/bmptkpp/Build-environment/modules/INPUTLIB/cmake-build-release/CMakeFiles/feature_tests.c
Linking C static library libcmTC_43971.a
/home/sebastiaan/.local/share/JetBrains/Toolbox/apps/CLion/ch-0/181.5087.36/bin/cmake/bin/cmake -P CMakeFiles/cmTC_43971.dir/cmake_clean_target.cmake
/home/sebastiaan/.local/share/JetBrains/Toolbox/apps/CLion/ch-0/181.5087.36/bin/cmake/bin/cmake -E cmake_link_script CMakeFiles/cmTC_43971.dir/link.txt --verbose=1
/usr/bin/arm-none-eabi-ar qc libcmTC_43971.a  CMakeFiles/cmTC_43971.dir/feature_tests.c.obj
/usr/bin/arm-none-eabi-ranlib libcmTC_43971.a
make[1]: Leaving directory '/home/sebastiaan/projects/bmptkpp/Build-environment/modules/INPUTLIB/cmake-build-release/CMakeFiles/CMakeTmp'


    Feature record: C_FEATURE:1c_function_prototypes
    Feature record: C_FEATURE:0c_restrict
    Feature record: C_FEATURE:0c_static_assert
    Feature record: C_FEATURE:0c_variadic_macros
